<?xml version="1.0" encoding="UTF-8"?>
<!-- Generated by org.testng.reporters.JUnitXMLReporter -->
<testsuite ignored="0" hostname="DESKTOP-59CAPPC" failures="0" tests="3" name="Login Test" time="2.303" errors="0" timestamp="2023-04-26T14:15:16 IST">
  <testcase classname="com.Oxitec.TestCases.TC_ContactPhp_Positive1" name="EnterEmailTest" time="2.074"/>
  <testcase classname="com.Oxitec.TestCases.TC_ContactPhp_Positive1" name="EnterPasswordTest" time="0.053"/>
  <testcase classname="com.Oxitec.TestCases.TC_ContactPhp_Positive1" name="ClickEnterTest" time="0.04"/>
</testsuite> <!-- Login Test -->
